INFO:     Will watch for changes in these directories: ['C:\\PEDRO\\CODE\\PEDROOS\\backend']
INFO:     Uvicorn running on http://127.0.0.1:8000 (Press CTRL+C to quit)
INFO:     Started reloader process [4240] using WatchFiles
INFO:     Started server process [37524]
INFO:     Waiting for application startup.
INFO:     Application startup complete.
[jira] request failed: ConnectError('')
[google] refresh error: ConnectError('')
[jira] request failed: ConnectError('')
[jira] request failed: ConnectError('')
[google] refresh error: ConnectError('')
[jira] request failed: ConnectError('')
[google-cal] fetch error: ConnectError('')
[jira] request failed: ConnectError('')
[google-cal] fetch error: ConnectError('')
[google] refresh error: ConnectError('')
[google-cal] fetch error: ConnectError('')
[google] refresh error: ConnectError('')
[jira] request failed: ConnectError('')
[calendar] fetch failed: 
[jira] request failed: ConnectError('')
[google] refresh error: ConnectError('')
[google] refresh error: ConnectError('')
[jira] request failed: ConnectError('')
[google-cal] fetch error: ConnectError('')
[jira] request failed: ConnectError('')
[google] refresh error: ConnectError('')
[jira] request failed: ConnectError('')
[jira] request failed: ConnectError('')
[jira] request failed: ConnectError('')
[google] refresh error: ConnectError('')
[jira] request failed: ConnectError('')
[google-cal] fetch error: ConnectError('')
[google] refresh error: ConnectError('')
[google-cal] fetch error: ConnectError('')
[jira] request failed: ConnectError('')
[jira] request failed: ConnectError('')
[google] refresh error: ConnectError('')
[jira] request failed: ConnectError('')
[google] refresh error: ConnectError('')
[jira] request failed: ConnectError('')
[google] refresh error: ConnectError('')
[jira] request failed: ConnectError('')
[google] refresh error: ConnectError('')
[jira] request failed: ConnectError('')
[jira] request failed: ConnectError('')
[google-cal] fetch error: ConnectError('')
[google-cal] fetch error: ConnectError('')
[jira] request failed: ConnectError('')
[google] refresh error: ConnectError('')
[jira] request failed: ConnectError('')
[google] refresh error: ConnectError('')
[calendar] fetch failed: 
[google] refresh error: ConnectError('')
[google-cal] fetch error: ConnectError('')
[google-cal] fetch error: ConnectError('')
[google-cal] fetch error: ConnectError('')
[google] refresh error: ConnectError('')
[jira] request failed: ConnectError('')
[google] refresh error: ConnectError('')
[calendar] fetch failed: 
[google] refresh error: ConnectError('')
[jira] request failed: ConnectError('')
[jira] request failed: ConnectError('')
[google-cal] fetch error: ConnectError('')
[jira] request failed: ConnectError('')
[google] refresh error: ConnectError('')
[jira] request failed: ConnectError('')
[google] refresh error: ConnectError('')
[jira] request failed: ConnectError('')
[google-cal] fetch error: ConnectError('')
[google-cal] fetch error: ConnectError('')
[jira] request failed: ConnectError('')
[jira] request failed: ConnectError('')
[google] refresh error: ConnectError('')
[google-cal] fetch error: ConnectError('')
[google] refresh error: ConnectError('')
[google] refresh error: ConnectError('')
[google] refresh error: ConnectError('')
[jira] request failed: ConnectError('')
[jira] request failed: ConnectError('')
[jira] request failed: ConnectError('')
[jira] request failed: ConnectError('')
[google-cal] fetch error: ConnectError('')
[google-cal] fetch error: ConnectError('')
[google] refresh error: ConnectError('')
[jira] request failed: ConnectError('')
[jira] request failed: ConnectError('')
[google-cal] fetch error: ConnectError('')
[google-cal] fetch error: ConnectError('')
[google-cal] fetch error: ConnectError('')
[google] refresh error: ConnectError('')
WARNING:  WatchFiles detected changes in 'app\features\tasks\models.py'. Reloading...
[google-cal] fetch error: ConnectError('')
[google] refresh error: ConnectError('')
[google] refresh error: ConnectError('')
[google] refresh error: ConnectError('')
[calendar] fetch failed: 
INFO:     Shutting down
INFO:     Waiting for connections to close. (CTRL+C to force quit)
[google-cal] fetch error: ConnectError('')
INFO:     Waiting for application shutdown.
INFO:     Application shutdown complete.
INFO:     Finished server process [37524]
WARNING:  WatchFiles detected changes in 'app\main.py', 'app\features\tasks\models.py', 'app\features\tasks\schemas.py'. Reloading...
INFO:     Started server process [35908]
INFO:     Waiting for application startup.
INFO:     Application startup complete.
INFO:     Shutting down
INFO:     Waiting for application shutdown.
INFO:     Application shutdown complete.
INFO:     Finished server process [35908]
INFO:     Started server process [2304]
INFO:     Waiting for application startup.
INFO:     Application startup complete.
[google-cal] fetch error: ConnectError('')
[google] refresh error: ConnectError('')
[jira] request failed: ConnectError('')
[google] refresh error: ConnectError('')
[jira] request failed: ConnectError('')
[jira] request failed: ConnectError('')
[google] refresh error: ConnectError('')
[google] refresh error: ConnectError('')
[google] refresh error: ConnectError('')
[jira] request failed: ConnectError('')
[google-cal] fetch error: ConnectError('')
[jira] request failed: ConnectError('')
[google-cal] fetch error: ConnectError('')
[jira] request failed: ConnectError('')
[jira] request failed: ConnectError('')
[google] refresh error: ConnectError('')
[jira] request failed: ConnectError('')
[google] refresh error: ConnectError('')
[google-cal] fetch error: ConnectError('')
[google] refresh error: ConnectError('')
[jira] request failed: ConnectError('')
[google] refresh error: ConnectError('')
[jira] request failed: ConnectError('')
[jira] request failed: ConnectError('')
[jira] request failed: ConnectError('')
[google] refresh error: ConnectError('')
[jira] request failed: ConnectError('')
[google-cal] fetch error: ConnectError('')
[jira] request failed: ConnectError('')
[jira] request failed: ConnectError('')
[google] refresh error: ConnectError('')
[google] refresh error: ConnectError('')
[google] refresh error: ConnectError('')
[jira] request failed: ConnectError('')
[calendar] fetch failed: 
[google] refresh error: ConnectError('')
[google] refresh error: ConnectError('')
[calendar] fetch failed: 
[jira] request failed: ConnectError('')
[google] refresh error: ConnectError('')
[calendar] fetch failed: 
[jira] request failed: ConnectError('')
[google-cal] fetch error: ConnectError('')
[jira] request failed: ConnectError('')
[google-cal] fetch error: ConnectError('')
[google-cal] fetch error: ConnectError('')
[google-cal] fetch error: ConnectError('')
[google] refresh error: ConnectError('')
[calendar] fetch failed: 
[jira] request failed: ConnectError('')
[jira] request failed: ConnectError('')
WARNING:  WatchFiles detected changes in 'app\config.py'. Reloading...
[google-cal] fetch error: ConnectError('')
INFO:     Shutting down
INFO:     Waiting for connections to close. (CTRL+C to force quit)
[google] refresh error: ConnectError('')
[jira] request failed: ConnectError('')
INFO:     Waiting for application shutdown.
INFO:     Application shutdown complete.
INFO:     Finished server process [2304]
INFO:     Started server process [31660]
INFO:     Waiting for application startup.
INFO:     Application startup complete.
[jira] request failed: ConnectError('')
[google] refresh error: ConnectError('')
[google] refresh error: ConnectError('')
[jira] request failed: ConnectError('')
[jira] request failed: ConnectError('')
[jira] request failed: ConnectError('')
[jira] request failed: ConnectError('')
[jira] request failed: ConnectError('')
[jira] request failed: ConnectError('')
[google-cal] fetch error: ConnectError('')
[google-cal] fetch error: ConnectError('')
[jira] request failed: ConnectError('')
[google] refresh error: ConnectError('')
[google] refresh error: ConnectError('')
[jira] request failed: ConnectError('')
[google-cal] fetch error: ConnectError('')
[google] refresh error: ConnectError('')
[google] refresh error: ConnectError('')
[google] refresh error: ConnectError('')
[google-cal] fetch error: ConnectError('')
[jira] request failed: ConnectError('')
[google-cal] fetch error: ConnectError('')
[google] refresh error: ConnectError('')
[jira] request failed: ConnectError('')
[jira] request failed: ConnectError('')
[jira] request failed: ConnectError('')
[jira] request failed: ConnectError('')
[jira] request failed: ConnectError('')
[jira] request failed: ConnectError('')
[google-cal] fetch error: ConnectError('')
[google] refresh error: ConnectError('')
[jira] request failed: ConnectError('')
[google-cal] fetch error: ConnectError('')
[jira] request failed: ConnectError('')
[jira] request failed: ConnectError('')
[google-cal] fetch error: ConnectError('')
[google-cal] fetch error: ConnectError('')
[google] refresh error: ConnectError('')
[jira] request failed: ConnectError('')
[jira] request failed: ConnectError('')
[google-cal] fetch error: ConnectError('')
[jira] request failed: ConnectError('')
[google-cal] fetch error: ConnectError('')
[google] refresh error: ConnectError('')
[jira] request failed: ConnectError('')
[calendar] fetch failed: 
[google-cal] fetch error: ConnectError('')
[google] refresh error: ConnectError('')
[jira] request failed: ConnectError('')
[google] refresh error: ConnectError('')
[jira] request failed: ConnectError('')
[jira] request failed: ConnectError('')
[google] refresh error: ConnectError('')
[google] refresh error: ConnectError('')
[jira] request failed: ConnectError('')
[jira] request failed: ConnectError('')
[google] refresh error: ConnectError('')
[google] refresh error: ConnectError('')
[calendar] fetch failed: 
[jira] request failed: ConnectError('')
[google-cal] fetch error: ConnectError('')
[google] refresh error: ConnectError('')
[jira] request failed: ConnectError('')
[calendar] fetch failed: 
[jira] request failed: ConnectError('')
[jira] request failed: ConnectError('')
[google-cal] fetch error: ConnectError('')
[google] refresh error: ConnectError('')
[jira] request failed: ConnectError('')
[jira] request failed: ConnectError('')
[google] refresh error: ConnectError('')
[google] refresh error: ConnectError('')
[google-cal] fetch error: ConnectError('')
[google] refresh error: ConnectError('')
[jira] request failed: ConnectError('')
[google] refresh error: ConnectError('')
[google-cal] fetch error: ConnectError('')
[jira] request failed: ConnectError('')
[google-cal] fetch error: ConnectError('')
[jira] request failed: ConnectError('')
[google] refresh error: ConnectError('')
[google-cal] fetch error: ConnectError('')
[google-cal] fetch error: ConnectError('')
[google] refresh error: ConnectError('')
[calendar] fetch failed: 
[jira] request failed: ConnectError('')
[google-cal] fetch error: ConnectError('')
[google-cal] fetch error: ConnectError('')
[jira] request failed: ConnectError('')
[google-cal] fetch error: ConnectError('')
[jira] request failed: ConnectError('')
[google] refresh error: ConnectError('')
[google-cal] fetch error: ConnectError('')
[google] refresh error: ConnectError('')
[jira] request failed: ConnectError('')
[google] refresh error: ConnectError('')
[jira] request failed: ConnectError('')
[google-cal] fetch error: ConnectError('')
[google] refresh error: ConnectError('')
[google-cal] fetch error: ConnectError('')
[google] refresh error: ConnectError('')
[google] refresh error: ConnectError('')
[google-cal] fetch error: ConnectError('')
[jira] request failed: ConnectError('')
[google] refresh error: ConnectError('')
[calendar] fetch failed: 
[google] refresh error: ConnectError('')
[calendar] fetch failed: 
[google] refresh error: ConnectError('')
[jira] request failed: ConnectError('')
[jira] request failed: ConnectError('')
[google-cal] fetch error: ConnectError('')
[google] refresh error: ConnectError('')
[google] refresh error: ConnectError('')
[google] refresh error: ConnectError('')
[google-cal] fetch error: ConnectError('')
[google] refresh error: ConnectError('')
[calendar] fetch failed: 
[google] refresh error: ConnectError('')
[jira] request failed: ConnectError('')
[calendar] fetch failed: 
[jira] request failed: ConnectError('')
[jira] request failed: ConnectError('')
[google-cal] fetch error: ConnectError('')
[google] refresh error: ConnectError('')
[calendar] fetch failed: 
[google] refresh error: ConnectError('')
[google-cal] fetch error: ConnectError('')
[google] refresh error: ConnectError('')
[jira] request failed: ConnectError('')
[google] refresh error: ConnectError('')
[jira] request failed: ConnectError('')
[google] refresh error: ConnectError('')
[google] refresh error: ConnectError('')
[jira] request failed: ConnectError('')
[calendar] fetch failed: 
[google] refresh error: ConnectError('')
[google] refresh error: ConnectError('')
[jira] request failed: ConnectError('')
[google-cal] fetch error: ConnectError('')
WARNING:  WatchFiles detected changes in 'app\features\whatsapp\router.py'. Reloading...
[google-cal] fetch error: ConnectError('')
[jira] request failed: ConnectError('')
[google] refresh error: ConnectError('')
[jira] request failed: ConnectError('')
INFO:     Shutting down
INFO:     Waiting for application shutdown.
INFO:     Application shutdown complete.
INFO:     Finished server process [31660]
